C51 COMPILER V9.54   MAIN                                                                  10/09/2024 00:18:38 PAGE 1   


C51 COMPILER V9.54, COMPILATION OF MODULE MAIN
OBJECT MODULE PLACED IN .\Objects\main.obj
COMPILER INVOKED BY: C:\Keil_v5\C51\BIN\C51.EXE main.c OPTIMIZE(0,SPEED) BROWSE INCDIR(..\01-STM89C52) DEBUG OBJECTEXTEN
                    -D PRINT(.\Listings\main.lst) TABS(2) OBJECT(.\Objects\main.obj)

line level    source

   1          #include "utils.h"
   2          
   3          int main(void)
   4          {
   5   1        # lesson 2's code
*** WARNING C315 IN LINE 5 OF main.c: unknown #directive 'lesson'
   6   1        # lesson2_LED();
*** WARNING C315 IN LINE 6 OF main.c: unknown #directive 'lesson2_LED'
   7   1        
   8   1        turn_j22_p00_on(0);
   9   1      }
*** WARNING C290 IN LINE 9 OF main.c: missing return value


MODULE INFORMATION:   STATIC OVERLAYABLE
   CODE SIZE        =     21    ----
   CONSTANT SIZE    =   ----    ----
   XDATA SIZE       =   ----    ----
   PDATA SIZE       =   ----    ----
   DATA SIZE        =      2    ----
   IDATA SIZE       =   ----    ----
   BIT SIZE         =   ----    ----
END OF MODULE INFORMATION.


C51 COMPILATION COMPLETE.  3 WARNING(S),  0 ERROR(S)
